<?xml version="1.0" encoding="UTF-8"?>
<testsuite name="ru.stqa.ptf.addressbook.tests.GroupCreationTests" tests="3" skipped="0" failures="0" errors="0" timestamp="2018-01-17T16:21:12" hostname="DESKTOP-PPS1DQA" time="7.638">
  <properties/>
  <testcase name="testGroupCreation[0](GroupData{id='2147483647', name='test 0.'})" classname="ru.stqa.ptf.addressbook.tests.GroupCreationTests" time="3.352"/>
  <testcase name="testGroupCreation[1](GroupData{id='2147483647', name='test 1.'})" classname="ru.stqa.ptf.addressbook.tests.GroupCreationTests" time="2.077"/>
  <testcase name="testGroupCreation[2](GroupData{id='2147483647', name='test 2.'})" classname="ru.stqa.ptf.addressbook.tests.GroupCreationTests" time="2.208"/>
  <system-out><![CDATA[]]></system-out>
  <system-err><![CDATA[]]></system-err>
</testsuite>
