<?xml version="1.0" encoding="UTF-8"?>
<testsuite name="ru.stqa.ptf.addressbook.tests.GroupModificationTest" tests="1" skipped="0" failures="0" errors="0" timestamp="2018-01-17T16:21:20" hostname="DESKTOP-PPS1DQA" time="2.504">
  <properties/>
  <testcase name="testModificationGroup" classname="ru.stqa.ptf.addressbook.tests.GroupModificationTest" time="2.504"/>
  <system-out><![CDATA[]]></system-out>
  <system-err><![CDATA[]]></system-err>
</testsuite>
