<?xml version="1.0" encoding="UTF-8"?>
<testsuite name="ru.stqa.ptf.addressbook.tests.ContactDeleteTest" tests="1" skipped="0" failures="0" errors="0" timestamp="2018-01-17T20:11:34" hostname="DESKTOP-PPS1DQA" time="6.726">
  <properties/>
  <testcase name="deleteContactTest" classname="ru.stqa.ptf.addressbook.tests.ContactDeleteTest" time="6.726"/>
  <system-out><![CDATA[]]></system-out>
  <system-err><![CDATA[]]></system-err>
</testsuite>
