<?xml version="1.0" encoding="UTF-8"?>
<testsuite name="ru.stqa.ptf.addressbook.tests.ContactDeleteTest" tests="1" skipped="0" failures="0" errors="0" timestamp="2018-01-17T16:09:29" hostname="DESKTOP-PPS1DQA" time="3.023">
  <properties/>
  <testcase name="deleteContactTest" classname="ru.stqa.ptf.addressbook.tests.ContactDeleteTest" time="3.023"/>
  <system-out><![CDATA[]]></system-out>
  <system-err><![CDATA[]]></system-err>
</testsuite>
